
> certificate-backend@1.0.0 start
> node server.js

[dotenv@17.2.3] injecting env (11) from .env -- tip: ⚙️  load multiple .env files with { path: ['.env.local', '.env'] }
🔌 Using SQLite Database
✅ Connected to SQLite database: /home/overlord55/Videos/Blockchain Cert/certificate-backend/database.sqlite
✅ Database tables created successfully
✅ Security events table created/verified
2026-01-02 16:45:08:458 [32minfo[39m: [32m🚀 HTTP Server running on port 3000[39m
2026-01-02 16:45:08:458 [32minfo[39m: [32m✅ Database initialized successfully[39m
⚠️ Blockchain Warning: No contract deployed at 0x5FbDB2315678afecb367f032d93F642f64180aa3. Deploy the contract to this network.
✅ Email service ready - OTP will be sent via email
⚠️ Blockchain Warning: No contract deployed at 0x5FbDB2315678afecb367f032d93F642f64180aa3. Deploy the contract to this network.
⚠️ Blockchain Warning: No contract deployed at 0x5FbDB2315678afecb367f032d93F642f64180aa3. Deploy the contract to this network.
⚠️ Blockchain Warning: No contract deployed at 0x5FbDB2315678afecb367f032d93F642f64180aa3. Deploy the contract to this network.
⚠️ Blockchain Warning: No contract deployed at 0x5FbDB2315678afecb367f032d93F642f64180aa3. Deploy the contract to this network.
⚠️ Blockchain Warning: No contract deployed at 0x5FbDB2315678afecb367f032d93F642f64180aa3. Deploy the contract to this network.
⚠️ Blockchain Warning: No contract deployed at 0x5FbDB2315678afecb367f032d93F642f64180aa3. Deploy the contract to this network.
⚠️ Blockchain Warning: No contract deployed at 0x5FbDB2315678afecb367f032d93F642f64180aa3. Deploy the contract to this network.
⚠️ Blockchain Warning: No contract deployed at 0x5FbDB2315678afecb367f032d93F642f64180aa3. Deploy the contract to this network.
⚠️ Blockchain Warning: No contract deployed at 0x5FbDB2315678afecb367f032d93F642f64180aa3. Deploy the contract to this network.
⚠️ Blockchain Warning: No contract deployed at 0x5FbDB2315678afecb367f032d93F642f64180aa3. Deploy the contract to this network.
⚠️ Blockchain Warning: No contract deployed at 0x5FbDB2315678afecb367f032d93F642f64180aa3. Deploy the contract to this network.
⚠️ Blockchain Warning: No contract deployed at 0x5FbDB2315678afecb367f032d93F642f64180aa3. Deploy the contract to this network.
⚠️ Blockchain Warning: No contract deployed at 0x5FbDB2315678afecb367f032d93F642f64180aa3. Deploy the contract to this network.
⚠️ Blockchain Warning: No contract deployed at 0x5FbDB2315678afecb367f032d93F642f64180aa3. Deploy the contract to this network.
⚠️ Blockchain Warning: No contract deployed at 0x5FbDB2315678afecb367f032d93F642f64180aa3. Deploy the contract to this network.
⚠️ Blockchain Warning: No contract deployed at 0x5FbDB2315678afecb367f032d93F642f64180aa3. Deploy the contract to this network.
⚠️ Blockchain Warning: No contract deployed at 0x5FbDB2315678afecb367f032d93F642f64180aa3. Deploy the contract to this network.
⚠️ Blockchain Warning: No contract deployed at 0x5FbDB2315678afecb367f032d93F642f64180aa3. Deploy the contract to this network.
⚠️ Blockchain Warning: No contract deployed at 0x5FbDB2315678afecb367f032d93F642f64180aa3. Deploy the contract to this network.
⚠️ Blockchain Warning: No contract deployed at 0x5FbDB2315678afecb367f032d93F642f64180aa3. Deploy the contract to this network.
⚠️ Blockchain Warning: No contract deployed at 0x5FbDB2315678afecb367f032d93F642f64180aa3. Deploy the contract to this network.
⚠️ Blockchain Warning: No contract deployed at 0x5FbDB2315678afecb367f032d93F642f64180aa3. Deploy the contract to this network.
⚠️ Blockchain Warning: No contract deployed at 0x5FbDB2315678afecb367f032d93F642f64180aa3. Deploy the contract to this network.
⚠️ Blockchain Warning: No contract deployed at 0x5FbDB2315678afecb367f032d93F642f64180aa3. Deploy the contract to this network.
⚠️ Blockchain Warning: No contract deployed at 0x5FbDB2315678afecb367f032d93F642f64180aa3. Deploy the contract to this network.
⚠️ Blockchain Warning: No contract deployed at 0x5FbDB2315678afecb367f032d93F642f64180aa3. Deploy the contract to this network.
⚠️ Blockchain Warning: No contract deployed at 0x5FbDB2315678afecb367f032d93F642f64180aa3. Deploy the contract to this network.
⚠️ Blockchain Warning: No contract deployed at 0x5FbDB2315678afecb367f032d93F642f64180aa3. Deploy the contract to this network.
⚠️ Blockchain Warning: No contract deployed at 0x5FbDB2315678afecb367f032d93F642f64180aa3. Deploy the contract to this network.
⚠️ Blockchain Warning: No contract deployed at 0x5FbDB2315678afecb367f032d93F642f64180aa3. Deploy the contract to this network.
⚠️ Blockchain Warning: No contract deployed at 0x5FbDB2315678afecb367f032d93F642f64180aa3. Deploy the contract to this network.
⚠️ Blockchain Warning: No contract deployed at 0x5FbDB2315678afecb367f032d93F642f64180aa3. Deploy the contract to this network.
⚠️ Blockchain Warning: No contract deployed at 0x5FbDB2315678afecb367f032d93F642f64180aa3. Deploy the contract to this network.
⚠️ Blockchain Warning: No contract deployed at 0x5FbDB2315678afecb367f032d93F642f64180aa3. Deploy the contract to this network.
⚠️ Blockchain Warning: No contract deployed at 0x5FbDB2315678afecb367f032d93F642f64180aa3. Deploy the contract to this network.
⚠️ Blockchain Warning: No contract deployed at 0x5FbDB2315678afecb367f032d93F642f64180aa3. Deploy the contract to this network.
⚠️ Blockchain Warning: No contract deployed at 0x5FbDB2315678afecb367f032d93F642f64180aa3. Deploy the contract to this network.
⚠️ Blockchain Warning: No contract deployed at 0x5FbDB2315678afecb367f032d93F642f64180aa3. Deploy the contract to this network.
⚠️ Blockchain Warning: No contract deployed at 0x5FbDB2315678afecb367f032d93F642f64180aa3. Deploy the contract to this network.
⚠️ Blockchain Warning: No contract deployed at 0x5FbDB2315678afecb367f032d93F642f64180aa3. Deploy the contract to this network.
⚠️ Blockchain Warning: No contract deployed at 0x5FbDB2315678afecb367f032d93F642f64180aa3. Deploy the contract to this network.
⚠️ Blockchain Warning: No contract deployed at 0x5FbDB2315678afecb367f032d93F642f64180aa3. Deploy the contract to this network.
⚠️ Blockchain Warning: No contract deployed at 0x5FbDB2315678afecb367f032d93F642f64180aa3. Deploy the contract to this network.
⚠️ Blockchain Warning: No contract deployed at 0x5FbDB2315678afecb367f032d93F642f64180aa3. Deploy the contract to this network.
⚠️ Blockchain Warning: No contract deployed at 0x5FbDB2315678afecb367f032d93F642f64180aa3. Deploy the contract to this network.
⚠️ Blockchain Warning: No contract deployed at 0x5FbDB2315678afecb367f032d93F642f64180aa3. Deploy the contract to this network.
⚠️ Blockchain Warning: No contract deployed at 0x5FbDB2315678afecb367f032d93F642f64180aa3. Deploy the contract to this network.
⚠️ Blockchain Warning: No contract deployed at 0x5FbDB2315678afecb367f032d93F642f64180aa3. Deploy the contract to this network.
⚠️ Blockchain Warning: No contract deployed at 0x5FbDB2315678afecb367f032d93F642f64180aa3. Deploy the contract to this network.
⚠️ Blockchain Warning: No contract deployed at 0x5FbDB2315678afecb367f032d93F642f64180aa3. Deploy the contract to this network.
⚠️ Blockchain Warning: No contract deployed at 0x5FbDB2315678afecb367f032d93F642f64180aa3. Deploy the contract to this network.
⚠️ Blockchain Warning: No contract deployed at 0x5FbDB2315678afecb367f032d93F642f64180aa3. Deploy the contract to this network.
⚠️ Blockchain Warning: No contract deployed at 0x5FbDB2315678afecb367f032d93F642f64180aa3. Deploy the contract to this network.
⚠️ Blockchain Warning: No contract deployed at 0x5FbDB2315678afecb367f032d93F642f64180aa3. Deploy the contract to this network.
⚠️ Blockchain Warning: No contract deployed at 0x5FbDB2315678afecb367f032d93F642f64180aa3. Deploy the contract to this network.
⚠️ Blockchain Warning: No contract deployed at 0x5FbDB2315678afecb367f032d93F642f64180aa3. Deploy the contract to this network.
⚠️ Blockchain Warning: No contract deployed at 0x5FbDB2315678afecb367f032d93F642f64180aa3. Deploy the contract to this network.
⚠️ Blockchain Warning: No contract deployed at 0x5FbDB2315678afecb367f032d93F642f64180aa3. Deploy the contract to this network.
⚠️ Blockchain Warning: No contract deployed at 0x5FbDB2315678afecb367f032d93F642f64180aa3. Deploy the contract to this network.
⚠️ Blockchain Warning: No contract deployed at 0x5FbDB2315678afecb367f032d93F642f64180aa3. Deploy the contract to this network.
⚠️ Blockchain Warning: No contract deployed at 0x5FbDB2315678afecb367f032d93F642f64180aa3. Deploy the contract to this network.
⚠️ Blockchain Warning: No contract deployed at 0x5FbDB2315678afecb367f032d93F642f64180aa3. Deploy the contract to this network.
⚠️ Blockchain Warning: No contract deployed at 0x5FbDB2315678afecb367f032d93F642f64180aa3. Deploy the contract to this network.
⚠️ Blockchain Warning: No contract deployed at 0x5FbDB2315678afecb367f032d93F642f64180aa3. Deploy the contract to this network.
⚠️ Blockchain Warning: No contract deployed at 0x5FbDB2315678afecb367f032d93F642f64180aa3. Deploy the contract to this network.
⚠️ Blockchain Warning: No contract deployed at 0x5FbDB2315678afecb367f032d93F642f64180aa3. Deploy the contract to this network.
⚠️ Blockchain Warning: No contract deployed at 0x5FbDB2315678afecb367f032d93F642f64180aa3. Deploy the contract to this network.
⚠️ Blockchain Warning: No contract deployed at 0x5FbDB2315678afecb367f032d93F642f64180aa3. Deploy the contract to this network.
⚠️ Blockchain Warning: No contract deployed at 0x5FbDB2315678afecb367f032d93F642f64180aa3. Deploy the contract to this network.
⚠️ Blockchain Warning: No contract deployed at 0x5FbDB2315678afecb367f032d93F642f64180aa3. Deploy the contract to this network.
⚠️ Blockchain Warning: No contract deployed at 0x5FbDB2315678afecb367f032d93F642f64180aa3. Deploy the contract to this network.
⚠️ Blockchain Warning: No contract deployed at 0x5FbDB2315678afecb367f032d93F642f64180aa3. Deploy the contract to this network.
⚠️ Blockchain Warning: No contract deployed at 0x5FbDB2315678afecb367f032d93F642f64180aa3. Deploy the contract to this network.
⚠️ Blockchain Warning: No contract deployed at 0x5FbDB2315678afecb367f032d93F642f64180aa3. Deploy the contract to this network.
⚠️ Blockchain Warning: No contract deployed at 0x5FbDB2315678afecb367f032d93F642f64180aa3. Deploy the contract to this network.
⚠️ Blockchain Warning: No contract deployed at 0x5FbDB2315678afecb367f032d93F642f64180aa3. Deploy the contract to this network.
⚠️ Blockchain Warning: No contract deployed at 0x5FbDB2315678afecb367f032d93F642f64180aa3. Deploy the contract to this network.
⚠️ Blockchain Warning: No contract deployed at 0x5FbDB2315678afecb367f032d93F642f64180aa3. Deploy the contract to this network.
⚠️ Blockchain Warning: No contract deployed at 0x5FbDB2315678afecb367f032d93F642f64180aa3. Deploy the contract to this network.
⚠️ Blockchain Warning: No contract deployed at 0x5FbDB2315678afecb367f032d93F642f64180aa3. Deploy the contract to this network.
⚠️ Blockchain Warning: No contract deployed at 0x5FbDB2315678afecb367f032d93F642f64180aa3. Deploy the contract to this network.
⚠️ Blockchain Warning: No contract deployed at 0x5FbDB2315678afecb367f032d93F642f64180aa3. Deploy the contract to this network.
⚠️ Blockchain Warning: No contract deployed at 0x5FbDB2315678afecb367f032d93F642f64180aa3. Deploy the contract to this network.
⚠️ Blockchain Warning: No contract deployed at 0x5FbDB2315678afecb367f032d93F642f64180aa3. Deploy the contract to this network.
⚠️ Blockchain Warning: No contract deployed at 0x5FbDB2315678afecb367f032d93F642f64180aa3. Deploy the contract to this network.
⚠️ Blockchain Warning: No contract deployed at 0x5FbDB2315678afecb367f032d93F642f64180aa3. Deploy the contract to this network.
⚠️ Blockchain Warning: No contract deployed at 0x5FbDB2315678afecb367f032d93F642f64180aa3. Deploy the contract to this network.
⚠️ Blockchain Warning: No contract deployed at 0x5FbDB2315678afecb367f032d93F642f64180aa3. Deploy the contract to this network.
⚠️ Blockchain Warning: No contract deployed at 0x5FbDB2315678afecb367f032d93F642f64180aa3. Deploy the contract to this network.
⚠️ Blockchain Warning: No contract deployed at 0x5FbDB2315678afecb367f032d93F642f64180aa3. Deploy the contract to this network.
⚠️ Blockchain Warning: No contract deployed at 0x5FbDB2315678afecb367f032d93F642f64180aa3. Deploy the contract to this network.
⚠️ Blockchain Warning: No contract deployed at 0x5FbDB2315678afecb367f032d93F642f64180aa3. Deploy the contract to this network.
⚠️ Blockchain Warning: No contract deployed at 0x5FbDB2315678afecb367f032d93F642f64180aa3. Deploy the contract to this network.
⚠️ Blockchain Warning: No contract deployed at 0x5FbDB2315678afecb367f032d93F642f64180aa3. Deploy the contract to this network.
⚠️ Blockchain Warning: No contract deployed at 0x5FbDB2315678afecb367f032d93F642f64180aa3. Deploy the contract to this network.
⚠️ Blockchain Warning: No contract deployed at 0x5FbDB2315678afecb367f032d93F642f64180aa3. Deploy the contract to this network.
⚠️ Blockchain Warning: No contract deployed at 0x5FbDB2315678afecb367f032d93F642f64180aa3. Deploy the contract to this network.
⚠️ Blockchain Warning: No contract deployed at 0x5FbDB2315678afecb367f032d93F642f64180aa3. Deploy the contract to this network.
⚠️ Blockchain Warning: No contract deployed at 0x5FbDB2315678afecb367f032d93F642f64180aa3. Deploy the contract to this network.
⚠️ Blockchain Warning: No contract deployed at 0x5FbDB2315678afecb367f032d93F642f64180aa3. Deploy the contract to this network.
⚠️ Blockchain Warning: No contract deployed at 0x5FbDB2315678afecb367f032d93F642f64180aa3. Deploy the contract to this network.
⚠️ Blockchain Warning: No contract deployed at 0x5FbDB2315678afecb367f032d93F642f64180aa3. Deploy the contract to this network.
⚠️ Blockchain Warning: No contract deployed at 0x5FbDB2315678afecb367f032d93F642f64180aa3. Deploy the contract to this network.
⚠️ Blockchain Warning: No contract deployed at 0x5FbDB2315678afecb367f032d93F642f64180aa3. Deploy the contract to this network.
⚠️ Blockchain Warning: No contract deployed at 0x5FbDB2315678afecb367f032d93F642f64180aa3. Deploy the contract to this network.
⚠️ Blockchain Warning: No contract deployed at 0x5FbDB2315678afecb367f032d93F642f64180aa3. Deploy the contract to this network.
⚠️ Blockchain Warning: No contract deployed at 0x5FbDB2315678afecb367f032d93F642f64180aa3. Deploy the contract to this network.
⚠️ Blockchain Warning: No contract deployed at 0x5FbDB2315678afecb367f032d93F642f64180aa3. Deploy the contract to this network.
⚠️ Blockchain Warning: No contract deployed at 0x5FbDB2315678afecb367f032d93F642f64180aa3. Deploy the contract to this network.
⚠️ Blockchain Warning: No contract deployed at 0x5FbDB2315678afecb367f032d93F642f64180aa3. Deploy the contract to this network.
⚠️ Blockchain Warning: No contract deployed at 0x5FbDB2315678afecb367f032d93F642f64180aa3. Deploy the contract to this network.
⚠️ Blockchain Warning: No contract deployed at 0x5FbDB2315678afecb367f032d93F642f64180aa3. Deploy the contract to this network.
⚠️ Blockchain Warning: No contract deployed at 0x5FbDB2315678afecb367f032d93F642f64180aa3. Deploy the contract to this network.
⚠️ Blockchain Warning: No contract deployed at 0x5FbDB2315678afecb367f032d93F642f64180aa3. Deploy the contract to this network.
⚠️ Blockchain Warning: No contract deployed at 0x5FbDB2315678afecb367f032d93F642f64180aa3. Deploy the contract to this network.
⚠️ Blockchain Warning: No contract deployed at 0x5FbDB2315678afecb367f032d93F642f64180aa3. Deploy the contract to this network.
⚠️ Blockchain Warning: No contract deployed at 0x5FbDB2315678afecb367f032d93F642f64180aa3. Deploy the contract to this network.
⚠️ Blockchain Warning: No contract deployed at 0x5FbDB2315678afecb367f032d93F642f64180aa3. Deploy the contract to this network.
⚠️ Blockchain Warning: No contract deployed at 0x5FbDB2315678afecb367f032d93F642f64180aa3. Deploy the contract to this network.
⚠️ Blockchain Warning: No contract deployed at 0x5FbDB2315678afecb367f032d93F642f64180aa3. Deploy the contract to this network.
⚠️ Blockchain Warning: No contract deployed at 0x5FbDB2315678afecb367f032d93F642f64180aa3. Deploy the contract to this network.
⚠️ Blockchain Warning: No contract deployed at 0x5FbDB2315678afecb367f032d93F642f64180aa3. Deploy the contract to this network.
⚠️ Blockchain Warning: No contract deployed at 0x5FbDB2315678afecb367f032d93F642f64180aa3. Deploy the contract to this network.
⚠️ Blockchain Warning: No contract deployed at 0x5FbDB2315678afecb367f032d93F642f64180aa3. Deploy the contract to this network.
⚠️ Blockchain Warning: No contract deployed at 0x5FbDB2315678afecb367f032d93F642f64180aa3. Deploy the contract to this network.
⚠️ Blockchain Warning: No contract deployed at 0x5FbDB2315678afecb367f032d93F642f64180aa3. Deploy the contract to this network.
⚠️ Blockchain Warning: No contract deployed at 0x5FbDB2315678afecb367f032d93F642f64180aa3. Deploy the contract to this network.
⚠️ Blockchain Warning: No contract deployed at 0x5FbDB2315678afecb367f032d93F642f64180aa3. Deploy the contract to this network.
⚠️ Blockchain Warning: No contract deployed at 0x5FbDB2315678afecb367f032d93F642f64180aa3. Deploy the contract to this network.
⚠️ Blockchain Warning: No contract deployed at 0x5FbDB2315678afecb367f032d93F642f64180aa3. Deploy the contract to this network.
⚠️ Blockchain Warning: No contract deployed at 0x5FbDB2315678afecb367f032d93F642f64180aa3. Deploy the contract to this network.
⚠️ Blockchain Warning: No contract deployed at 0x5FbDB2315678afecb367f032d93F642f64180aa3. Deploy the contract to this network.
⚠️ Blockchain Warning: No contract deployed at 0x5FbDB2315678afecb367f032d93F642f64180aa3. Deploy the contract to this network.
⚠️ Blockchain Warning: No contract deployed at 0x5FbDB2315678afecb367f032d93F642f64180aa3. Deploy the contract to this network.
⚠️ Blockchain Warning: No contract deployed at 0x5FbDB2315678afecb367f032d93F642f64180aa3. Deploy the contract to this network.
